[18:30:14] [main/INFO]: Using mbed TLS based native cipher.
[18:30:14] [main/INFO]: Using zlib based native compressor.
[18:30:14] [main/INFO]: Enabled Waterfall version git:Waterfall-Bootstrap:1.19-R0.1-SNAPSHOT:f6069e2:513
[18:30:15] [main/INFO]: Not on Windows, attempting to use enhanced EpollEventLoop
[18:30:15] [main/INFO]: Epoll is working, utilising it!
[18:30:15] [main/INFO]: Discovered module: ModuleSpec(name=cmd_alert, file=modules/cmd_alert.jar, provider=JenkinsModuleSource())
[18:30:15] [main/INFO]: Discovered module: ModuleSpec(name=cmd_find, file=modules/cmd_find.jar, provider=JenkinsModuleSource())
[18:30:15] [main/INFO]: Discovered module: ModuleSpec(name=cmd_list, file=modules/cmd_list.jar, provider=JenkinsModuleSource())
[18:30:15] [main/INFO]: Discovered module: ModuleSpec(name=cmd_send, file=modules/cmd_send.jar, provider=JenkinsModuleSource())
[18:30:15] [main/INFO]: Discovered module: ModuleSpec(name=cmd_server, file=modules/cmd_server.jar, provider=JenkinsModuleSource())
[18:30:15] [main/INFO]: Discovered module: ModuleSpec(name=reconnect_yaml, file=modules/reconnect_yaml.jar, provider=JenkinsModuleSource())
[18:30:15] [main/INFO]: Loaded plugin reconnect_yaml version git:reconnect_yaml:1.19-R0.1-SNAPSHOT:f6069e2:513 by WaterfallMC
[18:30:15] [main/INFO]: Loaded plugin cmd_find version git:cmd_find:1.19-R0.1-SNAPSHOT:f6069e2:513 by WaterfallMC
[18:30:15] [main/INFO]: Loaded plugin cmd_server version git:cmd_server:1.19-R0.1-SNAPSHOT:f6069e2:513 by WaterfallMC
[18:30:15] [main/INFO]: Loaded plugin cmd_alert version git:cmd_alert:1.19-R0.1-SNAPSHOT:f6069e2:513 by WaterfallMC
[18:30:15] [main/INFO]: Loaded plugin cmd_send version git:cmd_send:1.19-R0.1-SNAPSHOT:f6069e2:513 by WaterfallMC
[18:30:15] [main/INFO]: Loaded plugin cmd_list version git:cmd_list:1.19-R0.1-SNAPSHOT:f6069e2:513 by WaterfallMC
[18:30:15] [main/WARN]: :>:>:>:>:>:>:>:>:>:>:>:>:>:>:>:>:>:>:>:>:>:>:>
[18:30:15] [main/WARN]: :>  
[18:30:15] [main/WARN]: :>      EAGLERCRAFTXBUNGEE WARNING:
[18:30:15] [main/WARN]: :>  
[18:30:15] [main/WARN]: :>  This plugin wasn't tested to be 'working'
[18:30:15] [main/WARN]: :>  with ANY version of BungeeCord (and forks)
[18:30:15] [main/WARN]: :>  apart from the versions listed below:
[18:30:15] [main/WARN]: :>  
[18:30:15] [main/WARN]: :>  - BungeeCord: 1.20-R0.3-SNAPSHOT:eda268b:1797
[18:30:15] [main/WARN]: :>  - Waterfall: 1.20-R0.2-SNAPSHOT:92b5149:562
[18:30:15] [main/WARN]: :>  - FlameCord: 1.1.1
[18:30:15] [main/WARN]: :>  
[18:30:15] [main/WARN]: :>  This is not a Bukkit/Spigot plugin!
[18:30:15] [main/WARN]: :>  
[18:30:15] [main/WARN]: :>  Use "-Deaglerxbungee.stfu=true" to hide
[18:30:15] [main/WARN]: :>  
[18:30:15] [main/WARN]: :>:>:>:>:>:>:>:>:>:>:>:>:>:>:>:>:>:>:>:>:>:>:>
[18:30:15] [main/INFO] [EaglercraftXBungee]: Loading vanilla profile: lax1dude
[18:30:21] [main/WARN] [EaglercraftXBungee]: Profile load timed out
[18:30:21] [main/INFO]: Loaded plugin EaglercraftXBungee version 1.0.10 by lax1dude
[18:30:21] [main/WARN]: Forced host server pvp is not defined
[18:30:21] [main/INFO]: Enabled plugin reconnect_yaml version git:reconnect_yaml:1.19-R0.1-SNAPSHOT:f6069e2:513 by WaterfallMC
[18:30:21] [main/INFO]: Enabled plugin cmd_find version git:cmd_find:1.19-R0.1-SNAPSHOT:f6069e2:513 by WaterfallMC
[18:30:21] [main/INFO]: Enabled plugin cmd_server version git:cmd_server:1.19-R0.1-SNAPSHOT:f6069e2:513 by WaterfallMC
[18:30:21] [main/INFO]: Enabled plugin cmd_alert version git:cmd_alert:1.19-R0.1-SNAPSHOT:f6069e2:513 by WaterfallMC
[18:30:21] [main/INFO]: Enabled plugin cmd_send version git:cmd_send:1.19-R0.1-SNAPSHOT:f6069e2:513 by WaterfallMC
[18:30:21] [main/INFO]: Enabled plugin cmd_list version git:cmd_list:1.19-R0.1-SNAPSHOT:f6069e2:513 by WaterfallMC
[18:30:21] [main/ERROR] [EaglercraftXBungee]: Online mode is set to false! Authentication system has been disabled
[18:30:22] [Netty Worker IO Thread #0/INFO] [EaglercraftXBungee]: Eaglercraft is listening on: /0.0.0.0:8081
[18:30:22] [Skin Download Thread #1/INFO] [EaglercraftXBungee]: Loaded vanilla profile: lax1dude
[18:30:22] [EaglerXBungee: Network Tick Tasks/INFO] [EaglercraftXBungee]: Loaded certificate: /workspaces/server-kitpvp/bungee/plugins/EaglercraftXBungee/eagcert/$dl.b5049ee521872692a3d307ee115fd91cc8011c69.cert
[18:30:22] [main/INFO] [EaglercraftXBungee]: Connected to database: jdbc:sqlite:eaglercraft_skins_cache.db
[18:30:22] [main/INFO]: Enabled plugin EaglercraftXBungee version 1.0.10 by lax1dude
[18:30:23] [Netty Boss IO Thread #0/INFO]: Listening on /127.0.0.1:25577
[18:31:44] [Netty Worker IO Thread #2/INFO] [EaglercraftXBungee]: [/[0:0:0:0:0:0:0:1%0]:32904]: Connected via websocket
[18:31:44] [Netty Worker IO Thread #2/INFO] [EaglercraftXBungee]: [/[0:0:0:0:0:0:0:1%0]:32904]: Origin header is http://localhost:8081
[18:31:44] [Netty Worker IO Thread #2/INFO] [EaglercraftXBungee]: [/[0:0:0:0:0:0:0:1%0]:32904]: Logged in as 'Daniel'
[18:31:44] [EaglerXBungee: Network Tick Tasks/ERROR] [EaglercraftXBungee]: Exception in thread "EaglerXBungee: Network Tick Tasks"! java.lang.NullPointerException: Cannot invoke "net.md_5.bungee.forge.ForgeClientHandler.isForgeUser()" because "this.forgeClientHandler" is null
[18:31:44] [EaglerXBungee: Network Tick Tasks/ERROR]: java.lang.NullPointerException: Cannot invoke "net.md_5.bungee.forge.ForgeClientHandler.isForgeUser()" because "this.forgeClientHandler" is null
[18:31:44] [EaglerXBungee: Network Tick Tasks/ERROR]: 	at net.md_5.bungee.UserConnection.sendData(UserConnection.java:550)
[18:31:44] [EaglerXBungee: Network Tick Tasks/ERROR]: 	at net.lax1dude.eaglercraft.v1_8.plugin.gateway_bungeecord.server.EaglerPipeline$1.run(EaglerPipeline.java:133)
[18:31:44] [EaglerXBungee: Network Tick Tasks/ERROR]: 	at java.base/java.util.TimerThread.mainLoop(Timer.java:566)
[18:31:44] [EaglerXBungee: Network Tick Tasks/ERROR]: 	at java.base/java.util.TimerThread.run(Timer.java:516)
[18:31:44] [Netty Worker IO Thread #2/INFO]: [/[0:0:0:0:0:0:0:1%0]:32904|Daniel] -> UpstreamBridge has connected
[18:31:44] [Netty Worker IO Thread #2/INFO]: [Daniel|/[0:0:0:0:0:0:0:1%0]:32904] <-> ServerConnector [lobby] has connected
[18:33:46] [Netty Worker IO Thread #2/INFO]: [/[0:0:0:0:0:0:0:1%0]:32904|Daniel] -> UpstreamBridge has disconnected
[18:33:46] [Netty Worker IO Thread #2/INFO]: [Daniel] disconnected with: Proxy lost connection to server.
[18:33:46] [Netty Worker IO Thread #2/INFO]: [/[0:0:0:0:0:0:0:1%0]:32904|Daniel] <-> DownstreamBridge <-> [lobby] has disconnected
[18:33:47] [Netty Worker IO Thread #0/INFO] [EaglercraftXBungee]: [/[0:0:0:0:0:0:0:1%0]:55560]: Connected via websocket
[18:33:47] [Netty Worker IO Thread #0/INFO] [EaglercraftXBungee]: [/[0:0:0:0:0:0:0:1%0]:55560]: Origin header is http://localhost:8081
[18:33:47] [Netty Worker IO Thread #0/INFO] [EaglercraftXBungee]: [/[0:0:0:0:0:0:0:1%0]:55560]: Logged in as 'Daniel'
[18:33:47] [Netty Worker IO Thread #0/INFO]: [/[0:0:0:0:0:0:0:1%0]:55560|Daniel] -> UpstreamBridge has connected
[18:33:47] [Netty Worker IO Thread #0/INFO]: [Daniel|/[0:0:0:0:0:0:0:1%0]:55560] <-> ServerConnector [lobby] has connected
[18:35:03] [Shutdown Thread/INFO]: Closing listener [id: 0xa29ef6d8, L:/127.0.0.1:25577]
[18:35:03] [Shutdown Thread/INFO]: Closing pending connections
[18:35:03] [Shutdown Thread/INFO]: Disconnecting 1 connections
[18:35:03] [Shutdown Thread/INFO]: [Daniel] disconnected with: The proxy server is restarting
[18:35:03] [Netty Worker IO Thread #0/INFO]: [/[0:0:0:0:0:0:0:1%0]:55560|Daniel] -> UpstreamBridge has disconnected
[18:35:03] [Netty Worker IO Thread #0/INFO]: [/[0:0:0:0:0:0:0:1%0]:55560|Daniel] <-> DownstreamBridge <-> [lobby] has disconnected
[18:35:04] [Shutdown Thread/INFO]: Disabling plugins
[18:35:04] [Shutdown Thread/INFO] [EaglercraftXBungee]: Eaglercraft listener closed: /0.0.0.0:8081
[18:35:04] [Shutdown Thread/INFO] [EaglercraftXBungee]: Successfully disconnected from database 'jdbc:sqlite:eaglercraft_skins_cache.db'
[18:35:04] [Shutdown Thread/INFO] [EaglercraftXBungee]: Stopping skin cache HTTP client...
[18:35:06] [Shutdown Thread/INFO]: Closing IO threads
[18:35:08] [Shutdown Thread/INFO]: Thank you and goodbye
